  UIActiveX.cpp
Control\UIActiveX.cpp(1): fatal error C1083: 无法打开包括文件: “StdAfx.h”: No such file or directory
  UIAnimation.cpp
Control\UIAnimation.cpp(1): fatal error C1083: 无法打开包括文件: “StdAfx.h”: No such file or directory
  UIButton.cpp
Control\UIButton.cpp(1): fatal error C1083: 无法打开包括文件: “StdAfx.h”: No such file or directory
  UICombo.cpp
Control\UICombo.cpp(1): fatal error C1083: 无法打开包括文件: “StdAfx.h”: No such file or directory
  UIComboBox.cpp
Control\UIComboBox.cpp(1): fatal error C1083: 无法打开包括文件: “StdAfx.h”: No such file or directory
  UIDateTime.cpp
Control\UIDateTime.cpp(1): fatal error C1083: 无法打开包括文件: “StdAfx.h”: No such file or directory
  UIEdit.cpp
Control\UIEdit.cpp(1): fatal error C1083: 无法打开包括文件: “StdAfx.h”: No such file or directory
  UIFlash.cpp
Control\UIFlash.cpp(1): fatal error C1083: 无法打开包括文件: “StdAfx.h”: No such file or directory
  UIGifAnim.cpp
Control\UIGifAnim.cpp(1): fatal error C1083: 无法打开包括文件: “StdAfx.h”: No such file or directory
  UIGroupBox.cpp
Control\UIGroupBox.cpp(1): fatal error C1083: 无法打开包括文件: “StdAfx.h”: No such file or directory
  UIIPAddress.cpp
Control\UIIPAddress.cpp(1): fatal error C1083: 无法打开包括文件: “StdAfx.h”: No such file or directory
  UILabel.cpp
Control\UILabel.cpp(1): fatal error C1083: 无法打开包括文件: “StdAfx.h”: No such file or directory
  UIList.cpp
Control\UIList.cpp(1): fatal error C1083: 无法打开包括文件: “StdAfx.h”: No such file or directory
  UIMenu.cpp
Control\UIMenu.cpp(1): fatal error C1083: 无法打开包括文件: “StdAfx.h”: No such file or directory
  UIOption.cpp
Control\UIOption.cpp(1): fatal error C1083: 无法打开包括文件: “StdAfx.h”: No such file or directory
  UIProgress.cpp
Control\UIProgress.cpp(1): fatal error C1083: 无法打开包括文件: “StdAfx.h”: No such file or directory
  UIRichEdit.cpp
Control\UIRichEdit.cpp(1): fatal error C1083: 无法打开包括文件: “StdAfx.h”: No such file or directory
  UIScrollBar.cpp
Control\UIScrollBar.cpp(1): fatal error C1083: 无法打开包括文件: “StdAfx.h”: No such file or directory
  UISlider.cpp
Control\UISlider.cpp(1): fatal error C1083: 无法打开包括文件: “StdAfx.h”: No such file or directory
  UIText.cpp
Control\UIText.cpp(1): fatal error C1083: 无法打开包括文件: “StdAfx.h”: No such file or directory
  正在编译...
  UITreeView.cpp
Control\UITreeView.cpp(1): fatal error C1083: 无法打开包括文件: “StdAfx.h”: No such file or directory
  UIWebBrowser.cpp
Control\UIWebBrowser.cpp(1): fatal error C1083: 无法打开包括文件: “StdAfx.h”: No such file or directory
  ControlFactory.cpp
Core\ControlFactory.cpp(1): fatal error C1083: 无法打开包括文件: “StdAfx.h”: No such file or directory
  UIBase.cpp
Core\UIBase.cpp(1): fatal error C1083: 无法打开包括文件: “StdAfx.h”: No such file or directory
  UIContainer.cpp
Core\UIContainer.cpp(1): fatal error C1083: 无法打开包括文件: “StdAfx.h”: No such file or directory
  UIControl.cpp
Core\UIControl.cpp(1): fatal error C1083: 无法打开包括文件: “StdAfx.h”: No such file or directory
  UIDlgBuilder.cpp
Core\UIDlgBuilder.cpp(1): fatal error C1083: 无法打开包括文件: “StdAfx.h”: No such file or directory
  UIManager.cpp
Core\UIManager.cpp(1): fatal error C1083: 无法打开包括文件: “StdAfx.h”: No such file or directory
  UIMarkup.cpp
Core\UIMarkup.cpp(1): fatal error C1083: 无法打开包括文件: “StdAfx.h”: No such file or directory
  UIRender.cpp
Core\UIRender.cpp(1): fatal error C1083: 无法打开包括文件: “StdAfx.h”: No such file or directory
  UIResourceManager.cpp
Core\UIResourceManager.cpp(1): fatal error C1083: 无法打开包括文件: “StdAfx.h”: No such file or directory
  UIAnimationTabLayout.cpp
Layout\UIAnimationTabLayout.cpp(1): fatal error C1083: 无法打开包括文件: “StdAfx.h”: No such file or directory
  UIChildLayout.cpp
Layout\UIChildLayout.cpp(1): fatal error C1083: 无法打开包括文件: “StdAfx.h”: No such file or directory
  UIHorizontalLayout.cpp
Layout\UIHorizontalLayout.cpp(1): fatal error C1083: 无法打开包括文件: “StdAfx.h”: No such file or directory
  UITabLayout.cpp
Layout\UITabLayout.cpp(1): fatal error C1083: 无法打开包括文件: “StdAfx.h”: No such file or directory
  UITileLayout.cpp
Layout\UITileLayout.cpp(1): fatal error C1083: 无法打开包括文件: “StdAfx.h”: No such file or directory
  UIVerticalLayout.cpp
Layout\UIVerticalLayout.cpp(1): fatal error C1083: 无法打开包括文件: “StdAfx.h”: No such file or directory
  StdAfx.cpp
e:\projects\qttools\projects\duilib\StdAfx.h(55): fatal error C1083: 无法打开包括文件: “Duilib/UIlib.h”: No such file or directory
  UIlib.cpp
e:\projects\qttools\projects\duilib\StdAfx.h(55): fatal error C1083: 无法打开包括文件: “Duilib/UIlib.h”: No such file or directory
  DragDropImpl.cpp
Utils\DragDropImpl.cpp(1): fatal error C1083: 无法打开包括文件: “StdAfx.h”: No such file or directory
  正在编译...
  UIDelegate.cpp
Utils\UIDelegate.cpp(1): fatal error C1083: 无法打开包括文件: “StdAfx.h”: No such file or directory
  UIShadow.cpp
Utils\UIShadow.cpp(1): fatal error C1083: 无法打开包括文件: “StdAfx.h”: No such file or directory
  Utils.cpp
Utils\Utils.cpp(1): fatal error C1083: 无法打开包括文件: “StdAfx.h”: No such file or directory
  WinImplBase.cpp
Utils\WinImplBase.cpp(4): fatal error C1083: 无法打开包括文件: “StdAfx.h”: No such file or directory
  XUnzip.cpp
